<?xml version="1.0" encoding="UTF-8"?>
<!-- Generated by org.testng.reporters.JUnitReportReporter -->
<testsuite hostname="LAPTOP-JP3K0KLU" failures="0" tests="2" name="com.qa.TestNg.TestNg" time="0.005" errors="0" timestamp="29 Sep 2022 13:51:45 GMT" skipped="0">
  <testcase classname="com.qa.TestNg.TestNg" name="Startup" time="0.004"/>
  <testcase classname="com.qa.TestNg.TestNg" name="setup" time="0.001"/>
</testsuite> <!-- com.qa.TestNg.TestNg -->
